#
# There is insufficient memory for the Java Runtime Environment to continue.
# Native memory allocation (malloc) failed to allocate 131088 bytes for Chunk::new
# Possible reasons:
#   The system is out of physical RAM or swap space
#   In 32 bit mode, the process size limit was hit
# Possible solutions:
#   Reduce memory load on the system
#   Increase physical memory or swap space
#   Check if swap backing store is full
#   Use 64 bit Java on a 64 bit OS
#   Decrease Java heap size (-Xmx/-Xms)
#   Decrease number of Java threads
#   Decrease Java thread stack sizes (-Xss)
#   Set larger code cache with -XX:ReservedCodeCacheSize=
# This output file may be truncated or incomplete.
#
#  Out of Memory Error (allocation.cpp:390), pid=37112, tid=0x0000000000002ac4
#
# JRE version: Java(TM) SE Runtime Environment (8.0_121-b13) (build 1.8.0_121-b13)
# Java VM: Java HotSpot(TM) 64-Bit Server VM (25.121-b13 mixed mode windows-amd64 compressed oops)
# Failed to write core dump. Minidumps are not enabled by default on client versions of Windows
#

---------------  T H R E A D  ---------------

Current thread (0x00000000172cc000):  JavaThread "C2 CompilerThread2" daemon [_thread_in_native, id=10948, stack(0x0000000017c90000,0x0000000017d90000)]

Stack: [0x0000000017c90000,0x0000000017d90000]
[error occurred during error reporting (printing stack bounds), id 0xc0000005]

Native frames: (J=compiled Java code, j=interpreted, Vv=VM code, C=native code)


Current CompileTask:
C2:   3375 1842 %     4       java.util.HashMap::putMapEntries @ 94 (154 bytes)


---------------  P R O C E S S  ---------------

Java Threads: ( => current thread )
  0x000000001734d000 JavaThread "Service Thread" daemon [_thread_blocked, id=40640, stack(0x0000000017e90000,0x0000000017f90000)]
  0x00000000172d6000 JavaThread "C1 CompilerThread3" daemon [_thread_blocked, id=14680, stack(0x0000000017d90000,0x0000000017e90000)]
=>0x00000000172cc000 JavaThread "C2 CompilerThread2" daemon [_thread_in_native, id=10948, stack(0x0000000017c90000,0x0000000017d90000)]
  0x00000000172bd000 JavaThread "C2 CompilerThread1" daemon [_thread_blocked, id=5700, stack(0x0000000017b90000,0x0000000017c90000)]
  0x00000000172ba800 JavaThread "C2 CompilerThread0" daemon [_thread_blocked, id=40648, stack(0x0000000017a90000,0x0000000017b90000)]
  0x00000000172b8000 JavaThread "Attach Listener" daemon [_thread_blocked, id=16512, stack(0x0000000017990000,0x0000000017a90000)]
  0x00000000172b7000 JavaThread "Signal Dispatcher" daemon [_thread_blocked, id=39124, stack(0x0000000017890000,0x0000000017990000)]
  0x0000000002889000 JavaThread "Finalizer" daemon [_thread_blocked, id=30920, stack(0x0000000017690000,0x0000000017790000)]
  0x0000000002888000 JavaThread "Reference Handler" daemon [_thread_blocked, id=35200, stack(0x0000000017190000,0x0000000017290000)]
  0x0000000000d2e000 JavaThread "main" [_thread_in_Java, id=14364, stack(0x0000000002690000,0x0000000002790000)]

Other Threads:
  0x00000000153a7800 VMThread [stack: 0x0000000017090000,0x0000000017190000] [id=1636]
  0x0000000017380000 WatcherThread [stack: 0x0000000017f90000,0x0000000018090000] [id=27016]

VM state:not at safepoint (normal execution)

VM Mutex/Monitor currently owned by a thread: None

Heap:
 PSYoungGen      total 70656K, used 64448K [0x00000000eab00000, 0x00000000f2000000, 0x0000000100000000)
  eden space 65536K, 94% used [0x00000000eab00000,0x00000000ee7977e0,0x00000000eeb00000)
  from space 5120K, 46% used [0x00000000eeb00000,0x00000000eed588f0,0x00000000ef000000)
  to   space 9728K, 0% used [0x00000000f1680000,0x00000000f1680000,0x00000000f2000000)
 ParOldGen       total 59392K, used 8241K [0x00000000c0000000, 0x00000000c3a00000, 0x00000000eab00000)
  object space 59392K, 13% used [0x00000000c0000000,0x00000000c080c540,0x00000000c3a00000)
 Metaspace       used 22614K, capacity 22844K, committed 22960K, reserved 1069056K
  class space    used 2878K, capacity 2989K, committed 2992K, reserved 1048576K

Card table byte_map: [0x0000000011c50000,0x0000000011e60000] byte_map_base: 0x0000000011650000

Marking Bits: (ParMarkBitMap*) 0x0000000077f7b6d0
 Begin Bits: [0x00000000127c0000, 0x00000000137c0000)
 End Bits:   [0x00000000137c0000, 0x00000000147c0000)

Polling page: 0x0000000000d10000

CodeCache: size=245760Kb used=7327Kb max_used=7327Kb free=238432Kb
 bounds [0x0000000002890000, 0x0000000002fc0000, 0x0000000011890000]
 total_blobs=2505 nmethods=1888 adapters=528
 compilation: enabled

Compilation events (10 events):
Event: 3.356 Thread 0x00000000172d6000 1887       3       net.bytebuddy.description.method.ParameterList$ForLoadedExecutable$OfMethod::<init> (6 bytes)
Event: 3.356 Thread 0x00000000172d6000 nmethod 1887 0x0000000002fb9050 code [0x0000000002fb91e0, 0x0000000002fb9590]
Event: 3.356 Thread 0x00000000172d6000 1888       3       net.bytebuddy.dynamic.scaffold.MethodGraph$Compiler$Default$Harmonizer$ForJavaMethod::harmonize (6 bytes)
Event: 3.356 Thread 0x00000000172d6000 nmethod 1888 0x0000000002faf850 code [0x0000000002faf9c0, 0x0000000002fafd10]
Event: 3.356 Thread 0x00000000172d6000 1889       3       net.bytebuddy.dynamic.scaffold.MethodGraph$Compiler$Default$Harmonizer$ForJavaMethod::harmonize (9 bytes)
Event: 3.356 Thread 0x00000000172d6000 nmethod 1889 0x0000000002f9fe50 code [0x0000000002f9ffc0, 0x0000000002fa0230]
Event: 3.356 Thread 0x00000000172d6000 1882       3       net.bytebuddy.dynamic.scaffold.MethodGraph$Compiler$Default$Key$Harmonized::of (34 bytes)
Event: 3.356 Thread 0x00000000172d6000 nmethod 1882 0x0000000002fb97d0 code [0x0000000002fb9a20, 0x0000000002fba918]
Event: 3.356 Thread 0x00000000172d6000 1883       3       net.bytebuddy.description.method.MethodDescription$TypeSubstituting::asDefined (5 bytes)
Event: 3.357 Thread 0x00000000172d6000 nmethod 1883 0x0000000002fbb150 code [0x0000000002fbb2c0, 0x0000000002fbb648]

GC Heap History (10 events):
Event: 2.321 GC heap before
{Heap before GC invocations=2 (full 0):
 PSYoungGen      total 37888K, used 37873K [0x00000000eab00000, 0x00000000ed500000, 0x0000000100000000)
  eden space 32768K, 100% used [0x00000000eab00000,0x00000000ecb00000,0x00000000ecb00000)
  from space 5120K, 99% used [0x00000000ecb00000,0x00000000ecffc458,0x00000000ed000000)
  to   space 5120K, 0% used [0x00000000ed000000,0x00000000ed000000,0x00000000ed500000)
 ParOldGen       total 86016K, used 276K [0x00000000c0000000, 0x00000000c5400000, 0x00000000eab00000)
  object space 86016K, 0% used [0x00000000c0000000,0x00000000c00453c0,0x00000000c5400000)
 Metaspace       used 13507K, capacity 13690K, committed 13824K, reserved 1060864K
  class space    used 1680K, capacity 1725K, committed 1792K, reserved 1048576K
Event: 2.343 GC heap after
Heap after GC invocations=2 (full 0):
 PSYoungGen      total 37888K, used 5096K [0x00000000eab00000, 0x00000000ef500000, 0x0000000100000000)
  eden space 32768K, 0% used [0x00000000eab00000,0x00000000eab00000,0x00000000ecb00000)
  from space 5120K, 99% used [0x00000000ed000000,0x00000000ed4fa208,0x00000000ed500000)
  to   space 5120K, 0% used [0x00000000ecb00000,0x00000000ecb00000,0x00000000ed000000)
 ParOldGen       total 86016K, used 624K [0x00000000c0000000, 0x00000000c5400000, 0x00000000eab00000)
  object space 86016K, 0% used [0x00000000c0000000,0x00000000c009c3e8,0x00000000c5400000)
 Metaspace       used 13507K, capacity 13690K, committed 13824K, reserved 1060864K
  class space    used 1680K, capacity 1725K, committed 1792K, reserved 1048576K
}
Event: 2.716 GC heap before
{Heap before GC invocations=3 (full 0):
 PSYoungGen      total 37888K, used 37864K [0x00000000eab00000, 0x00000000ef500000, 0x0000000100000000)
  eden space 32768K, 100% used [0x00000000eab00000,0x00000000ecb00000,0x00000000ecb00000)
  from space 5120K, 99% used [0x00000000ed000000,0x00000000ed4fa208,0x00000000ed500000)
  to   space 5120K, 0% used [0x00000000ecb00000,0x00000000ecb00000,0x00000000ed000000)
 ParOldGen       total 86016K, used 624K [0x00000000c0000000, 0x00000000c5400000, 0x00000000eab00000)
  object space 86016K, 0% used [0x00000000c0000000,0x00000000c009c3e8,0x00000000c5400000)
 Metaspace       used 17841K, capacity 18042K, committed 18432K, reserved 1064960K
  class space    used 2136K, capacity 2218K, committed 2304K, reserved 1048576K
Event: 2.721 GC heap after
Heap after GC invocations=3 (full 0):
 PSYoungGen      total 37888K, used 5106K [0x00000000eab00000, 0x00000000ef500000, 0x0000000100000000)
  eden space 32768K, 0% used [0x00000000eab00000,0x00000000eab00000,0x00000000ecb00000)
  from space 5120K, 99% used [0x00000000ecb00000,0x00000000ecffca20,0x00000000ed000000)
  to   space 5120K, 0% used [0x00000000ef000000,0x00000000ef000000,0x00000000ef500000)
 ParOldGen       total 86016K, used 2683K [0x00000000c0000000, 0x00000000c5400000, 0x00000000eab00000)
  object space 86016K, 3% used [0x00000000c0000000,0x00000000c029ee98,0x00000000c5400000)
 Metaspace       used 17841K, capacity 18042K, committed 18432K, reserved 1064960K
  class space    used 2136K, capacity 2218K, committed 2304K, reserved 1048576K
}
Event: 2.960 GC heap before
{Heap before GC invocations=4 (full 0):
 PSYoungGen      total 37888K, used 28771K [0x00000000eab00000, 0x00000000ef500000, 0x0000000100000000)
  eden space 32768K, 72% used [0x00000000eab00000,0x00000000ec21c458,0x00000000ecb00000)
  from space 5120K, 99% used [0x00000000ecb00000,0x00000000ecffca20,0x00000000ed000000)
  to   space 5120K, 0% used [0x00000000ef000000,0x00000000ef000000,0x00000000ef500000)
 ParOldGen       total 86016K, used 2683K [0x00000000c0000000, 0x00000000c5400000, 0x00000000eab00000)
  object space 86016K, 3% used [0x00000000c0000000,0x00000000c029ee98,0x00000000c5400000)
 Metaspace       used 20984K, capacity 21174K, committed 21296K, reserved 1069056K
  class space    used 2516K, capacity 2604K, committed 2608K, reserved 1048576K
Event: 2.967 GC heap after
Heap after GC invocations=4 (full 0):
 PSYoungGen      total 70656K, used 5112K [0x00000000eab00000, 0x00000000ef500000, 0x0000000100000000)
  eden space 65536K, 0% used [0x00000000eab00000,0x00000000eab00000,0x00000000eeb00000)
  from space 5120K, 99% used [0x00000000ef000000,0x00000000ef4fe170,0x00000000ef500000)
  to   space 5120K, 0% used [0x00000000eeb00000,0x00000000eeb00000,0x00000000ef000000)
 ParOldGen       total 86016K, used 5946K [0x00000000c0000000, 0x00000000c5400000, 0x00000000eab00000)
  object space 86016K, 6% used [0x00000000c0000000,0x00000000c05ce860,0x00000000c5400000)
 Metaspace       used 20984K, capacity 21174K, committed 21296K, reserved 1069056K
  class space    used 2516K, capacity 2604K, committed 2608K, reserved 1048576K
}
Event: 2.967 GC heap before
{Heap before GC invocations=5 (full 1):
 PSYoungGen      total 70656K, used 5112K [0x00000000eab00000, 0x00000000ef500000, 0x0000000100000000)
  eden space 65536K, 0% used [0x00000000eab00000,0x00000000eab00000,0x00000000eeb00000)
  from space 5120K, 99% used [0x00000000ef000000,0x00000000ef4fe170,0x00000000ef500000)
  to   space 5120K, 0% used [0x00000000eeb00000,0x00000000eeb00000,0x00000000ef000000)
 ParOldGen       total 86016K, used 5946K [0x00000000c0000000, 0x00000000c5400000, 0x00000000eab00000)
  object space 86016K, 6% used [0x00000000c0000000,0x00000000c05ce860,0x00000000c5400000)
 Metaspace       used 20984K, capacity 21174K, committed 21296K, reserved 1069056K
  class space    used 2516K, capacity 2604K, committed 2608K, reserved 1048576K
Event: 3.005 GC heap after
Heap after GC invocations=5 (full 1):
 PSYoungGen      total 70656K, used 0K [0x00000000eab00000, 0x00000000ef500000, 0x0000000100000000)
  eden space 65536K, 0% used [0x00000000eab00000,0x00000000eab00000,0x00000000eeb00000)
  from space 5120K, 0% used [0x00000000ef000000,0x00000000ef000000,0x00000000ef500000)
  to   space 5120K, 0% used [0x00000000eeb00000,0x00000000eeb00000,0x00000000ef000000)
 ParOldGen       total 59392K, used 8233K [0x00000000c0000000, 0x00000000c3a00000, 0x00000000eab00000)
  object space 59392K, 13% used [0x00000000c0000000,0x00000000c080a540,0x00000000c3a00000)
 Metaspace       used 20984K, capacity 21174K, committed 21296K, reserved 1069056K
  class space    used 2516K, capacity 2604K, committed 2608K, reserved 1048576K
}
Event: 3.282 GC heap before
{Heap before GC invocations=6 (full 1):
 PSYoungGen      total 70656K, used 65536K [0x00000000eab00000, 0x00000000ef500000, 0x0000000100000000)
  eden space 65536K, 100% used [0x00000000eab00000,0x00000000eeb00000,0x00000000eeb00000)
  from space 5120K, 0% used [0x00000000ef000000,0x00000000ef000000,0x00000000ef500000)
  to   space 5120K, 0% used [0x00000000eeb00000,0x00000000eeb00000,0x00000000ef000000)
 ParOldGen       total 59392K, used 8233K [0x00000000c0000000, 0x00000000c3a00000, 0x00000000eab00000)
  object space 59392K, 13% used [0x00000000c0000000,0x00000000c080a540,0x00000000c3a00000)
 Metaspace       used 22606K, capacity 22844K, committed 22960K, reserved 1069056K
  class space    used 2878K, capacity 2989K, committed 2992K, reserved 1048576K
Event: 3.284 GC heap after
Heap after GC invocations=6 (full 1):
 PSYoungGen      total 70656K, used 2402K [0x00000000eab00000, 0x00000000f2000000, 0x0000000100000000)
  eden space 65536K, 0% used [0x00000000eab00000,0x00000000eab00000,0x00000000eeb00000)
  from space 5120K, 46% used [0x00000000eeb00000,0x00000000eed588f0,0x00000000ef000000)
  to   space 9728K, 0% used [0x00000000f1680000,0x00000000f1680000,0x00000000f2000000)
 ParOldGen       total 59392K, used 8241K [0x00000000c0000000, 0x00000000c3a00000, 0x00000000eab00000)
  object space 59392K, 13% used [0x00000000c0000000,0x00000000c080c540,0x00000000c3a00000)
 Metaspace       used 22606K, capacity 22844K, committed 22960K, reserved 1069056K
  class space    used 2878K, capacity 2989K, committed 2992K, reserved 1048576K
}

Deoptimization events (10 events):
Event: 3.166 Thread 0x0000000000d2e000 Uncommon trap: reason=unstable_if action=reinterpret pc=0x0000000002c38880 method=java.util.HashMap.putVal(ILjava/lang/Object;Ljava/lang/Object;ZZ)Ljava/lang/Object; @ 162
Event: 3.223 Thread 0x0000000000d2e000 Uncommon trap: reason=unstable_if action=reinterpret pc=0x0000000002f860b8 method=java.util.Collections.disjoint(Ljava/util/Collection;Ljava/util/Collection;)Z @ 99
Event: 3.223 Thread 0x0000000000d2e000 Uncommon trap: reason=unstable_if action=reinterpret pc=0x0000000002f74e68 method=java.util.Collections.disjoint(Ljava/util/Collection;Ljava/util/Collection;)Z @ 99
Event: 3.224 Thread 0x0000000000d2e000 Uncommon trap: reason=unstable_if action=reinterpret pc=0x0000000002f90b5c method=java.util.HashMap$TreeNode.find(ILjava/lang/Object;Ljava/lang/Class;)Ljava/util/HashMap$TreeNode; @ 71
Event: 3.224 Thread 0x0000000000d2e000 Uncommon trap: reason=unstable_if action=reinterpret pc=0x0000000002f90c30 method=java.util.HashMap$TreeNode.find(ILjava/lang/Object;Ljava/lang/Class;)Ljava/util/HashMap$TreeNode; @ 155
Event: 3.224 Thread 0x0000000000d2e000 Uncommon trap: reason=bimorphic action=maybe_recompile pc=0x0000000002f95a88 method=java.util.HashMap.putMapEntries(Ljava/util/Map;Z)V @ 1
Event: 3.224 Thread 0x0000000000d2e000 Uncommon trap: reason=bimorphic action=maybe_recompile pc=0x0000000002f95a88 method=java.util.HashMap.putMapEntries(Ljava/util/Map;Z)V @ 1
Event: 3.224 Thread 0x0000000000d2e000 Uncommon trap: reason=bimorphic action=maybe_recompile pc=0x0000000002f95a88 method=java.util.HashMap.putMapEntries(Ljava/util/Map;Z)V @ 1
Event: 3.225 Thread 0x0000000000d2e000 Uncommon trap: reason=bimorphic action=maybe_recompile pc=0x0000000002f95a88 method=java.util.HashMap.putMapEntries(Ljava/util/Map;Z)V @ 1
Event: 3.237 Thread 0x0000000000d2e000 Uncommon trap: reason=unstable_if action=reinterpret pc=0x0000000002f8eda4 method=java.util.HashMap$TreeNode.rotateRight(Ljava/util/HashMap$TreeNode;Ljava/util/HashMap$TreeNode;)Ljava/util/HashMap$TreeNode; @ 45

Internal exceptions (10 events):
Event: 2.895 Thread 0x0000000000d2e000 Exception <a 'java/lang/ClassNotFoundException': io/restassured/assertion/BodyMatcherGroupCustomizer> (0x00000000ebc88d40) thrown at [C:\re\workspace\8-2-build-windows-amd64-cygwin\jdk8u121\8372\hotspot\src\share\vm\classfile\systemDictionary.cpp, line 21
Event: 2.898 Thread 0x0000000000d2e000 Exception <a 'java/lang/ClassNotFoundException': io/restassured/internal/ResponseSpecificationImpl$HamcrestAssertionClosureBeanInfo> (0x00000000ebcfadf8) thrown at [C:\re\workspace\8-2-build-windows-amd64-cygwin\jdk8u121\8372\hotspot\src\share\vm\classfil
Event: 2.898 Thread 0x0000000000d2e000 Exception <a 'java/lang/ClassNotFoundException': io/restassured/internal/ResponseSpecificationImpl$HamcrestAssertionClosureCustomizer> (0x00000000ebd29a20) thrown at [C:\re\workspace\8-2-build-windows-amd64-cygwin\jdk8u121\8372\hotspot\src\share\vm\classf
Event: 2.905 Thread 0x0000000000d2e000 Exception <a 'java/lang/ClassNotFoundException': io/restassured/internal/ResponseSpecificationImplBeanInfo> (0x00000000ebe016f8) thrown at [C:\re\workspace\8-2-build-windows-amd64-cygwin\jdk8u121\8372\hotspot\src\share\vm\classfile\systemDictionary.cpp, l
Event: 2.905 Thread 0x0000000000d2e000 Exception <a 'java/lang/ClassNotFoundException': io/restassured/internal/ResponseSpecificationImplCustomizer> (0x00000000ebe25840) thrown at [C:\re\workspace\8-2-build-windows-amd64-cygwin\jdk8u121\8372\hotspot\src\share\vm\classfile\systemDictionary.cpp,
Event: 2.912 Thread 0x0000000000d2e000 Exception <a 'java/lang/ClassNotFoundException': org/apache/commons/lang3/ValidateBeanInfo> (0x00000000ebec0508) thrown at [C:\re\workspace\8-2-build-windows-amd64-cygwin\jdk8u121\8372\hotspot\src\share\vm\classfile\systemDictionary.cpp, line 210]
Event: 2.913 Thread 0x0000000000d2e000 Exception <a 'java/lang/ClassNotFoundException': org/apache/commons/lang3/ValidateCustomizer> (0x00000000ebede1f0) thrown at [C:\re\workspace\8-2-build-windows-amd64-cygwin\jdk8u121\8372\hotspot\src\share\vm\classfile\systemDictionary.cpp, line 210]
Event: 2.922 Thread 0x0000000000d2e000 Exception <a 'java/lang/ClassNotFoundException': io/restassured/internal/TestSpecificationImplBeanInfo> (0x00000000ebfafd60) thrown at [C:\re\workspace\8-2-build-windows-amd64-cygwin\jdk8u121\8372\hotspot\src\share\vm\classfile\systemDictionary.cpp, line 
Event: 2.922 Thread 0x0000000000d2e000 Exception <a 'java/lang/ClassNotFoundException': io/restassured/internal/TestSpecificationImplCustomizer> (0x00000000ebfd1950) thrown at [C:\re\workspace\8-2-build-windows-amd64-cygwin\jdk8u121\8372\hotspot\src\share\vm\classfile\systemDictionary.cpp, lin
Event: 3.237 Thread 0x0000000000d2e000 Implicit null exception at 0x0000000002f8ea52 to 0x0000000002f8ed85

Events (10 events):
Event: 3.225 Thread 0x0000000000d2e000 Uncommon trap: trap_request=0xffffffc6 fr.pc=0x0000000002f95a88
Event: 3.225 Thread 0x0000000000d2e000 DEOPT PACKING pc=0x0000000002f95a88 sp=0x000000000278b510
Event: 3.225 Thread 0x0000000000d2e000 DEOPT UNPACKING pc=0x00000000028d582a sp=0x000000000278b4f0 mode 2
Event: 3.237 Thread 0x0000000000d2e000 Uncommon trap: trap_request=0xffffff65 fr.pc=0x0000000002f8eda4
Event: 3.237 Thread 0x0000000000d2e000 DEOPT PACKING pc=0x0000000002f8eda4 sp=0x000000000278b530
Event: 3.237 Thread 0x0000000000d2e000 DEOPT UNPACKING pc=0x00000000028d582a sp=0x000000000278b440 mode 2
Event: 3.238 Executing VM operation: ForceSafepoint
Event: 3.238 Executing VM operation: ForceSafepoint done
Event: 3.282 Executing VM operation: ParallelGCFailedAllocation
Event: 3.284 Executing VM operation: ParallelGCFailedAllocation done


Dynamic libraries:
0x00007ff65ad50000 - 0x00007ff65ad87000 	C:\Program Files\Java\jdk1.8.0_121\jre\bin\java.exe
0x00007ff95fe90000 - 0x00007ff9600a4000 	C:\WINDOWS\SYSTEM32\ntdll.dll
0x00007ff95f8e0000 - 0x00007ff95f9a2000 	C:\WINDOWS\System32\KERNEL32.DLL
0x00007ff95d7b0000 - 0x00007ff95db53000 	C:\WINDOWS\System32\KERNELBASE.dll
0x00007ff95dca0000 - 0x00007ff95dd4e000 	C:\WINDOWS\System32\ADVAPI32.dll
0x00007ff95eea0000 - 0x00007ff95ef47000 	C:\WINDOWS\System32\msvcrt.dll
0x00007ff95f100000 - 0x00007ff95f1a4000 	C:\WINDOWS\System32\sechost.dll
0x00007ff95f9d0000 - 0x00007ff95fae7000 	C:\WINDOWS\System32\RPCRT4.dll
0x00007ff95ef50000 - 0x00007ff95f0fb000 	C:\WINDOWS\System32\USER32.dll
0x00007ff95d5e0000 - 0x00007ff95d606000 	C:\WINDOWS\System32\win32u.dll
0x00007ff95ded0000 - 0x00007ff95def9000 	C:\WINDOWS\System32\GDI32.dll
0x00007ff95d610000 - 0x00007ff95d728000 	C:\WINDOWS\System32\gdi32full.dll
0x00007ff95d2b0000 - 0x00007ff95d34a000 	C:\WINDOWS\System32\msvcp_win.dll
0x00007ff95d350000 - 0x00007ff95d461000 	C:\WINDOWS\System32\ucrtbase.dll
0x00007ff93dde0000 - 0x00007ff93e06e000 	C:\WINDOWS\WinSxS\amd64_microsoft.windows.common-controls_6595b64144ccf1df_6.0.22621.1635_none_270f70857386168e\COMCTL32.dll
0x00007ff95ec90000 - 0x00007ff95ecc1000 	C:\WINDOWS\System32\IMM32.DLL
0x0000000050500000 - 0x00000000505d2000 	C:\Program Files\Java\jdk1.8.0_121\jre\bin\msvcr100.dll
0x0000000077760000 - 0x0000000077ffb000 	C:\Program Files\Java\jdk1.8.0_121\jre\bin\server\jvm.dll
0x00007ff95dc90000 - 0x00007ff95dc98000 	C:\WINDOWS\System32\PSAPI.DLL
0x00007ff955120000 - 0x00007ff955129000 	C:\WINDOWS\SYSTEM32\WSOCK32.dll
0x00007ff957840000 - 0x00007ff957874000 	C:\WINDOWS\SYSTEM32\WINMM.dll
0x00007ff954e40000 - 0x00007ff954e4a000 	C:\WINDOWS\SYSTEM32\VERSION.dll
0x00007ff95faf0000 - 0x00007ff95fb61000 	C:\WINDOWS\System32\WS2_32.dll
0x00000000504f0000 - 0x00000000504ff000 	C:\Program Files\Java\jdk1.8.0_121\jre\bin\verify.dll
0x00000000504c0000 - 0x00000000504e9000 	C:\Program Files\Java\jdk1.8.0_121\jre\bin\java.dll
0x00000000504a0000 - 0x00000000504b6000 	C:\Program Files\Java\jdk1.8.0_121\jre\bin\zip.dll
0x00007ff95dff0000 - 0x00007ff95e7ea000 	C:\WINDOWS\System32\SHELL32.dll
0x00007ff95b260000 - 0x00007ff95bb2e000 	C:\WINDOWS\SYSTEM32\windows.storage.dll
0x00007ff95e7f0000 - 0x00007ff95eb79000 	C:\WINDOWS\System32\combase.dll
0x00007ff95b120000 - 0x00007ff95b25e000 	C:\WINDOWS\SYSTEM32\wintypes.dll
0x00007ff95ddd0000 - 0x00007ff95dec1000 	C:\WINDOWS\System32\SHCORE.dll
0x00007ff95ee30000 - 0x00007ff95ee8e000 	C:\WINDOWS\System32\shlwapi.dll
0x00007ff95d1e0000 - 0x00007ff95d201000 	C:\WINDOWS\SYSTEM32\profapi.dll
0x0000000050480000 - 0x000000005049a000 	C:\Program Files\Java\jdk1.8.0_121\jre\bin\net.dll
0x00007ff95c860000 - 0x00007ff95c8c9000 	C:\WINDOWS\system32\mswsock.dll
0x0000000050460000 - 0x0000000050471000 	C:\Program Files\Java\jdk1.8.0_121\jre\bin\nio.dll

VM Arguments:
jvm_args: -Xmx1024m -XX:MaxPermSize=256m 
java_command: C:\Users\shard\IdeaProjects\bestbuy-restassured-serenity-API-project\target\surefire\surefirebooter1005265787075684091.jar C:\Users\shard\IdeaProjects\bestbuy-restassured-serenity-API-project\target\surefire\surefire6035308681669802384tmp C:\Users\shard\IdeaProjects\bestbuy-restassured-serenity-API-project\target\surefire\surefire_02954767864980626220tmp
java_class_path (initial): C:\Users\shard\IdeaProjects\bestbuy-restassured-serenity-API-project\target\surefire\surefirebooter1005265787075684091.jar
Launcher Type: SUN_STANDARD

Environment Variables:
JAVA_HOME=C:\Program Files\Java\jdk1.8.0_121
PATH=C:\ProgramData\Oracle\Java\javapath;C:\WINDOWS\system32;C:\WINDOWS;C:\WINDOWS\System32\Wbem;C:\WINDOWS\System32\WindowsPowerShell\v1.0\;C:\WINDOWS\System32\OpenSSH\;C:\Program Files\Java\jdk1.8.0_121\bin;C:\Program Files\Git\cmd;C:\Program Files\Apache\apache-maven-3.9.1\bin;C:\Program Files\nodejs\;C:\Users\shard\AppData\Local\Programs\Python\Python310\Scripts\;C:\Users\shard\AppData\Local\Programs\Python\Python310\;C:\Users\shard\AppData\Local\Microsoft\WindowsApps;;C:\Users\shard\AppData\Local\Programs\Microsoft VS Code\bin;C:\Users\shard\AppData\Roaming\npm
USERNAME=shard
OS=Windows_NT
PROCESSOR_IDENTIFIER=Intel64 Family 6 Model 140 Stepping 1, GenuineIntel



---------------  S Y S T E M  ---------------

OS: Windows 10.0 , 64 bit Build 22621 (10.0.22621.1635)

CPU:total 8 (4 cores per cpu, 2 threads per core) family 6 model 140 stepping 1, cmov, cx8, fxsr, mmx, sse, sse2, sse3, ssse3, sse4.1, sse4.2, popcnt, avx, avx2, aes, clmul, erms, 3dnowpref, lzcnt, ht, tsc, tscinvbit, bmi1, bmi2, adx

Memory: 4k page, physical 8166712k(651776k free), swap 33332536k(1284k free)

vm_info: Java HotSpot(TM) 64-Bit Server VM (25.121-b13) for windows-amd64 JRE (1.8.0_121-b13), built on Dec 12 2016 18:21:36 by "java_re" with MS VC++ 10.0 (VS2010)

time: Sat Jun 03 23:04:33 2023
elapsed time: 3 seconds (0d 0h 0m 3s)

