#
# There is insufficient memory for the Java Runtime Environment to continue.
# Native memory allocation (malloc) failed to allocate 1444816 bytes for Chunk::new
# Possible reasons:
#   The system is out of physical RAM or swap space
#   In 32 bit mode, the process size limit was hit
# Possible solutions:
#   Reduce memory load on the system
#   Increase physical memory or swap space
#   Check if swap backing store is full
#   Use 64 bit Java on a 64 bit OS
#   Decrease Java heap size (-Xmx/-Xms)
#   Decrease number of Java threads
#   Decrease Java thread stack sizes (-Xss)
#   Set larger code cache with -XX:ReservedCodeCacheSize=
# This output file may be truncated or incomplete.
#
#  Out of Memory Error (allocation.cpp:390), pid=28940, tid=0x0000000000006b74
#
# JRE version: Java(TM) SE Runtime Environment (8.0_121-b13) (build 1.8.0_121-b13)
# Java VM: Java HotSpot(TM) 64-Bit Server VM (25.121-b13 mixed mode windows-amd64 compressed oops)
# Failed to write core dump. Minidumps are not enabled by default on client versions of Windows
#

---------------  T H R E A D  ---------------

Current thread (0x0000000017b0c000):  JavaThread "C2 CompilerThread2" daemon [_thread_in_native, id=27508, stack(0x00000000184e0000,0x00000000185e0000)]

Stack: [0x00000000184e0000,0x00000000185e0000]
[error occurred during error reporting (printing stack bounds), id 0xc0000005]

Native frames: (J=compiled Java code, j=interpreted, Vv=VM code, C=native code)


Current CompileTask:
C2:   4153 2554       4       java.net.URLClassLoader$1::run (5 bytes)


---------------  P R O C E S S  ---------------

Java Threads: ( => current thread )
  0x0000000017ba3000 JavaThread "Service Thread" daemon [_thread_blocked, id=33888, stack(0x00000000186e0000,0x00000000187e0000)]
  0x0000000017b19000 JavaThread "C1 CompilerThread3" daemon [_thread_blocked, id=30624, stack(0x00000000185e0000,0x00000000186e0000)]
=>0x0000000017b0c000 JavaThread "C2 CompilerThread2" daemon [_thread_in_native, id=27508, stack(0x00000000184e0000,0x00000000185e0000)]
  0x0000000017b08000 JavaThread "C2 CompilerThread1" daemon [_thread_in_native, id=31932, stack(0x00000000183e0000,0x00000000184e0000)]
  0x0000000017b16800 JavaThread "C2 CompilerThread0" daemon [_thread_in_native, id=20376, stack(0x00000000182e0000,0x00000000183e0000)]
  0x0000000017b15000 JavaThread "Attach Listener" daemon [_thread_blocked, id=9824, stack(0x00000000181e0000,0x00000000182e0000)]
  0x0000000017b14000 JavaThread "Signal Dispatcher" daemon [_thread_blocked, id=1836, stack(0x00000000180e0000,0x00000000181e0000)]
  0x0000000017b01800 JavaThread "Finalizer" daemon [_thread_blocked, id=28748, stack(0x0000000017ee0000,0x0000000017fe0000)]
  0x00000000030c8000 JavaThread "Reference Handler" daemon [_thread_blocked, id=15728, stack(0x00000000179e0000,0x0000000017ae0000)]
  0x0000000002fce000 JavaThread "main" [_thread_in_vm, id=27756, stack(0x0000000002dd0000,0x0000000002ed0000)]

Other Threads:
  0x0000000015be7800 VMThread [stack: 0x00000000178e0000,0x00000000179e0000] [id=7044]
  0x0000000017bb7000 WatcherThread [stack: 0x00000000187e0000,0x00000000188e0000] [id=36196]

VM state:not at safepoint (normal execution)

VM Mutex/Monitor currently owned by a thread: None

Heap:
 PSYoungGen      total 115200K, used 82104K [0x00000000eab00000, 0x00000000f2600000, 0x0000000100000000)
  eden space 107520K, 75% used [0x00000000eab00000,0x00000000efa71270,0x00000000f1400000)
  from space 7680K, 9% used [0x00000000f1e80000,0x00000000f1f3d010,0x00000000f2600000)
  to   space 9216K, 0% used [0x00000000f1400000,0x00000000f1400000,0x00000000f1d00000)
 ParOldGen       total 64000K, used 8241K [0x00000000c0000000, 0x00000000c3e80000, 0x00000000eab00000)
  object space 64000K, 12% used [0x00000000c0000000,0x00000000c080c610,0x00000000c3e80000)
 Metaspace       used 27982K, capacity 28578K, committed 28848K, reserved 1075200K
  class space    used 3653K, capacity 3894K, committed 4016K, reserved 1048576K

Card table byte_map: [0x0000000012490000,0x00000000126a0000] byte_map_base: 0x0000000011e90000

Marking Bits: (ParMarkBitMap*) 0x0000000077f7b6d0
 Begin Bits: [0x0000000013000000, 0x0000000014000000)
 End Bits:   [0x0000000014000000, 0x0000000015000000)

Polling page: 0x0000000001410000

CodeCache: size=245760Kb used=9856Kb max_used=9856Kb free=235903Kb
 bounds [0x00000000030d0000, 0x0000000003a80000, 0x00000000120d0000]
 total_blobs=3252 nmethods=2613 adapters=550
 compilation: enabled

Compilation events (10 events):
Event: 4.120 Thread 0x0000000017b19000 2646       1       org.codehaus.groovy.util.ManagedConcurrentMap$Entry::getHash (5 bytes)
Event: 4.120 Thread 0x0000000017b19000 nmethod 2646 0x0000000003a72fd0 code [0x0000000003a73120, 0x0000000003a73230]
Event: 4.124 Thread 0x0000000017b19000 2647       3       java.util.Formatter$Flags::contains (22 bytes)
Event: 4.124 Thread 0x0000000017b19000 nmethod 2647 0x0000000003a73290 code [0x0000000003a73400, 0x0000000003a73610]
Event: 4.126 Thread 0x0000000017b19000 2648       3       sun.misc.Unsafe::getAndAddInt (27 bytes)
Event: 4.126 Thread 0x0000000017b19000 nmethod 2648 0x0000000003a736d0 code [0x0000000003a73840, 0x0000000003a73a50]
Event: 4.126 Thread 0x0000000017b19000 2649       3       org.codehaus.groovy.runtime.callsite.CallSiteArray::replaceCallSite (18 bytes)
Event: 4.126 Thread 0x0000000017b19000 nmethod 2649 0x0000000003a73b10 code [0x0000000003a73c80, 0x0000000003a74090]
Event: 4.137 Thread 0x0000000017b19000 2650       3       java.lang.reflect.Constructor::acquireConstructorAccessor (44 bytes)
Event: 4.137 Thread 0x0000000017b19000 nmethod 2650 0x0000000003a74250 code [0x0000000003a743e0, 0x0000000003a74a38]

GC Heap History (10 events):
Event: 2.365 GC heap before
{Heap before GC invocations=9 (full 1):
 PSYoungGen      total 55808K, used 46592K [0x00000000eab00000, 0x00000000f0280000, 0x0000000100000000)
  eden space 45568K, 100% used [0x00000000eab00000,0x00000000ed780000,0x00000000ed780000)
  from space 10240K, 10% used [0x00000000ed780000,0x00000000ed880000,0x00000000ee180000)
  to   space 10240K, 0% used [0x00000000ef880000,0x00000000ef880000,0x00000000f0280000)
 ParOldGen       total 64000K, used 8225K [0x00000000c0000000, 0x00000000c3e80000, 0x00000000eab00000)
  object space 64000K, 12% used [0x00000000c0000000,0x00000000c0808610,0x00000000c3e80000)
 Metaspace       used 22625K, capacity 22844K, committed 22960K, reserved 1069056K
  class space    used 2878K, capacity 2989K, committed 2992K, reserved 1048576K
Event: 2.366 GC heap after
Heap after GC invocations=9 (full 1):
 PSYoungGen      total 77312K, used 1344K [0x00000000eab00000, 0x00000000f0180000, 0x0000000100000000)
  eden space 68096K, 0% used [0x00000000eab00000,0x00000000eab00000,0x00000000eed80000)
  from space 9216K, 14% used [0x00000000ef880000,0x00000000ef9d0000,0x00000000f0180000)
  to   space 10240K, 0% used [0x00000000eed80000,0x00000000eed80000,0x00000000ef780000)
 ParOldGen       total 64000K, used 8225K [0x00000000c0000000, 0x00000000c3e80000, 0x00000000eab00000)
  object space 64000K, 12% used [0x00000000c0000000,0x00000000c0808610,0x00000000c3e80000)
 Metaspace       used 22625K, capacity 22844K, committed 22960K, reserved 1069056K
  class space    used 2878K, capacity 2989K, committed 2992K, reserved 1048576K
}
Event: 2.484 GC heap before
{Heap before GC invocations=10 (full 1):
 PSYoungGen      total 77312K, used 69440K [0x00000000eab00000, 0x00000000f0180000, 0x0000000100000000)
  eden space 68096K, 100% used [0x00000000eab00000,0x00000000eed80000,0x00000000eed80000)
  from space 9216K, 14% used [0x00000000ef880000,0x00000000ef9d0000,0x00000000f0180000)
  to   space 10240K, 0% used [0x00000000eed80000,0x00000000eed80000,0x00000000ef780000)
 ParOldGen       total 64000K, used 8225K [0x00000000c0000000, 0x00000000c3e80000, 0x00000000eab00000)
  object space 64000K, 12% used [0x00000000c0000000,0x00000000c0808610,0x00000000c3e80000)
 Metaspace       used 22629K, capacity 22844K, committed 22960K, reserved 1069056K
  class space    used 2878K, capacity 2989K, committed 2992K, reserved 1048576K
Event: 2.486 GC heap after
Heap after GC invocations=10 (full 1):
 PSYoungGen      total 78336K, used 1792K [0x00000000eab00000, 0x00000000f1480000, 0x0000000100000000)
  eden space 68096K, 0% used [0x00000000eab00000,0x00000000eab00000,0x00000000eed80000)
  from space 10240K, 17% used [0x00000000eed80000,0x00000000eef40000,0x00000000ef780000)
  to   space 10240K, 0% used [0x00000000f0a80000,0x00000000f0a80000,0x00000000f1480000)
 ParOldGen       total 64000K, used 8225K [0x00000000c0000000, 0x00000000c3e80000, 0x00000000eab00000)
  object space 64000K, 12% used [0x00000000c0000000,0x00000000c0808610,0x00000000c3e80000)
 Metaspace       used 22629K, capacity 22844K, committed 22960K, reserved 1069056K
  class space    used 2878K, capacity 2989K, committed 2992K, reserved 1048576K
}
Event: 2.657 GC heap before
{Heap before GC invocations=11 (full 1):
 PSYoungGen      total 78336K, used 69888K [0x00000000eab00000, 0x00000000f1480000, 0x0000000100000000)
  eden space 68096K, 100% used [0x00000000eab00000,0x00000000eed80000,0x00000000eed80000)
  from space 10240K, 17% used [0x00000000eed80000,0x00000000eef40000,0x00000000ef780000)
  to   space 10240K, 0% used [0x00000000f0a80000,0x00000000f0a80000,0x00000000f1480000)
 ParOldGen       total 64000K, used 8225K [0x00000000c0000000, 0x00000000c3e80000, 0x00000000eab00000)
  object space 64000K, 12% used [0x00000000c0000000,0x00000000c0808610,0x00000000c3e80000)
 Metaspace       used 23049K, capacity 23228K, committed 23600K, reserved 1069056K
  class space    used 2958K, capacity 3053K, committed 3120K, reserved 1048576K
Event: 2.660 GC heap after
Heap after GC invocations=11 (full 1):
 PSYoungGen      total 95744K, used 1258K [0x00000000eab00000, 0x00000000f1300000, 0x0000000100000000)
  eden space 87040K, 0% used [0x00000000eab00000,0x00000000eab00000,0x00000000f0000000)
  from space 8704K, 14% used [0x00000000f0a80000,0x00000000f0bba808,0x00000000f1300000)
  to   space 9728K, 0% used [0x00000000f0000000,0x00000000f0000000,0x00000000f0980000)
 ParOldGen       total 64000K, used 8233K [0x00000000c0000000, 0x00000000c3e80000, 0x00000000eab00000)
  object space 64000K, 12% used [0x00000000c0000000,0x00000000c080a610,0x00000000c3e80000)
 Metaspace       used 23049K, capacity 23228K, committed 23600K, reserved 1069056K
  class space    used 2958K, capacity 3053K, committed 3120K, reserved 1048576K
}
Event: 3.103 GC heap before
{Heap before GC invocations=12 (full 1):
 PSYoungGen      total 95744K, used 88298K [0x00000000eab00000, 0x00000000f1300000, 0x0000000100000000)
  eden space 87040K, 100% used [0x00000000eab00000,0x00000000f0000000,0x00000000f0000000)
  from space 8704K, 14% used [0x00000000f0a80000,0x00000000f0bba808,0x00000000f1300000)
  to   space 9728K, 0% used [0x00000000f0000000,0x00000000f0000000,0x00000000f0980000)
 ParOldGen       total 64000K, used 8233K [0x00000000c0000000, 0x00000000c3e80000, 0x00000000eab00000)
  object space 64000K, 12% used [0x00000000c0000000,0x00000000c080a610,0x00000000c3e80000)
 Metaspace       used 23919K, capacity 24142K, committed 24496K, reserved 1071104K
  class space    used 3092K, capacity 3184K, committed 3248K, reserved 1048576K
Event: 3.105 GC heap after
Heap after GC invocations=12 (full 1):
 PSYoungGen      total 96768K, used 1598K [0x00000000eab00000, 0x00000000f2800000, 0x0000000100000000)
  eden space 87040K, 0% used [0x00000000eab00000,0x00000000eab00000,0x00000000f0000000)
  from space 9728K, 16% used [0x00000000f0000000,0x00000000f018f990,0x00000000f0980000)
  to   space 9728K, 0% used [0x00000000f1e80000,0x00000000f1e80000,0x00000000f2800000)
 ParOldGen       total 64000K, used 8241K [0x00000000c0000000, 0x00000000c3e80000, 0x00000000eab00000)
  object space 64000K, 12% used [0x00000000c0000000,0x00000000c080c610,0x00000000c3e80000)
 Metaspace       used 23919K, capacity 24142K, committed 24496K, reserved 1071104K
  class space    used 3092K, capacity 3184K, committed 3248K, reserved 1048576K
}
Event: 3.382 GC heap before
{Heap before GC invocations=13 (full 1):
 PSYoungGen      total 96768K, used 88638K [0x00000000eab00000, 0x00000000f2800000, 0x0000000100000000)
  eden space 87040K, 100% used [0x00000000eab00000,0x00000000f0000000,0x00000000f0000000)
  from space 9728K, 16% used [0x00000000f0000000,0x00000000f018f990,0x00000000f0980000)
  to   space 9728K, 0% used [0x00000000f1e80000,0x00000000f1e80000,0x00000000f2800000)
 ParOldGen       total 64000K, used 8241K [0x00000000c0000000, 0x00000000c3e80000, 0x00000000eab00000)
  object space 64000K, 12% used [0x00000000c0000000,0x00000000c080c610,0x00000000c3e80000)
 Metaspace       used 23919K, capacity 24142K, committed 24496K, reserved 1071104K
  class space    used 3092K, capacity 3184K, committed 3248K, reserved 1048576K
Event: 3.384 GC heap after
Heap after GC invocations=13 (full 1):
 PSYoungGen      total 115200K, used 756K [0x00000000eab00000, 0x00000000f2600000, 0x0000000100000000)
  eden space 107520K, 0% used [0x00000000eab00000,0x00000000eab00000,0x00000000f1400000)
  from space 7680K, 9% used [0x00000000f1e80000,0x00000000f1f3d010,0x00000000f2600000)
  to   space 9216K, 0% used [0x00000000f1400000,0x00000000f1400000,0x00000000f1d00000)
 ParOldGen       total 64000K, used 8241K [0x00000000c0000000, 0x00000000c3e80000, 0x00000000eab00000)
  object space 64000K, 12% used [0x00000000c0000000,0x00000000c080c610,0x00000000c3e80000)
 Metaspace       used 23919K, capacity 24142K, committed 24496K, reserved 1071104K
  class space    used 3092K, capacity 3184K, committed 3248K, reserved 1048576K
}

Deoptimization events (10 events):
Event: 2.894 Thread 0x0000000002fce000 Uncommon trap: reason=class_check action=maybe_recompile pc=0x00000000038b6cb0 method=net.bytebuddy.description.type.TypeDescription$Generic$OfNonGenericType.represents(Ljava/lang/reflect/Type;)Z @ 5
Event: 3.840 Thread 0x0000000002fce000 Uncommon trap: reason=unstable_if action=reinterpret pc=0x0000000003808ae4 method=java.util.LinkedHashMap.entrySet()Ljava/util/Set; @ 6
Event: 3.994 Thread 0x0000000002fce000 Uncommon trap: reason=unstable_if action=reinterpret pc=0x00000000033fcd60 method=java.lang.String.regionMatches(ZILjava/lang/String;II)Z @ 102
Event: 4.012 Thread 0x0000000002fce000 Uncommon trap: reason=unstable_if action=reinterpret pc=0x00000000039ed434 method=groovy.lang.MetaClassImpl.checkIfStdMethod(Lgroovy/lang/MetaMethod;)V @ 167
Event: 4.016 Thread 0x0000000002fce000 Uncommon trap: reason=unstable_if action=reinterpret pc=0x0000000003a026c8 method=groovy.lang.MetaClassImpl.checkIfStdMethod(Lgroovy/lang/MetaMethod;)V @ 167
Event: 4.028 Thread 0x0000000002fce000 Uncommon trap: reason=bimorphic action=maybe_recompile pc=0x00000000034c3590 method=java.net.URL.<init>(Ljava/net/URL;Ljava/lang/String;Ljava/net/URLStreamHandler;)V @ 504
Event: 4.028 Thread 0x0000000002fce000 Uncommon trap: reason=unstable_if action=reinterpret pc=0x0000000003545fc0 method=java.net.URLStreamHandler.parseURL(Ljava/net/URL;Ljava/lang/String;II)V @ 690
Event: 4.029 Thread 0x0000000002fce000 Uncommon trap: reason=bimorphic action=maybe_recompile pc=0x00000000037820b4 method=org.codehaus.groovy.runtime.metaclass.MetaMethodIndex.addMethodToList(Ljava/lang/Object;Lgroovy/lang/MetaMethod;)Ljava/lang/Object; @ 96
Event: 4.029 Thread 0x0000000002fce000 Uncommon trap: reason=unstable_if action=reinterpret pc=0x0000000003781e90 method=org.codehaus.groovy.runtime.metaclass.MetaMethodIndex.isNonRealMethod(Lgroovy/lang/MetaMethod;)Z @ 4
Event: 4.070 Thread 0x0000000002fce000 Uncommon trap: reason=unstable_if action=reinterpret pc=0x0000000003a3ee4c method=groovy.lang.MetaClassImpl$1MOPIter.methodNameAction(Ljava/lang/Class;Lorg/codehaus/groovy/runtime/metaclass/MetaMethodIndex$Entry;)V @ 259

Internal exceptions (10 events):
Event: 4.114 Thread 0x0000000002fce000 Exception <a 'java/lang/ClassNotFoundException': org/codehaus/groovy/transform/ImmutableASTTransformationBeanInfo> (0x00000000ef64e980) thrown at [C:\re\workspace\8-2-build-windows-amd64-cygwin\jdk8u121\8372\hotspot\src\share\vm\classfile\systemDictionary
Event: 4.114 Thread 0x0000000002fce000 Exception <a 'java/lang/ClassNotFoundException': org/codehaus/groovy/transform/AbstractASTTransformationBeanInfo> (0x00000000ef6762e8) thrown at [C:\re\workspace\8-2-build-windows-amd64-cygwin\jdk8u121\8372\hotspot\src\share\vm\classfile\systemDictionary.
Event: 4.115 Thread 0x0000000002fce000 Exception <a 'java/lang/ClassNotFoundException': org/codehaus/groovy/transform/AbstractASTTransformationCustomizer> (0x00000000ef69e508) thrown at [C:\re\workspace\8-2-build-windows-amd64-cygwin\jdk8u121\8372\hotspot\src\share\vm\classfile\systemDictionar
Event: 4.116 Thread 0x0000000002fce000 Exception <a 'java/lang/ClassNotFoundException': org/codehaus/groovy/transform/ImmutableASTTransformationCustomizer> (0x00000000ef6d8458) thrown at [C:\re\workspace\8-2-build-windows-amd64-cygwin\jdk8u121\8372\hotspot\src\share\vm\classfile\systemDictiona
Event: 4.122 Thread 0x0000000002fce000 Exception <a 'java/lang/ClassNotFoundException': io/restassured/internal/http/URIBuilderBeanInfo> (0x00000000ef75aad0) thrown at [C:\re\workspace\8-2-build-windows-amd64-cygwin\jdk8u121\8372\hotspot\src\share\vm\classfile\systemDictionary.cpp, line 210]
Event: 4.122 Thread 0x0000000002fce000 Exception <a 'java/lang/ClassNotFoundException': io/restassured/internal/http/URIBuilderCustomizer> (0x00000000ef77c0d0) thrown at [C:\re\workspace\8-2-build-windows-amd64-cygwin\jdk8u121\8372\hotspot\src\share\vm\classfile\systemDictionary.cpp, line 210]
Event: 4.135 Thread 0x0000000002fce000 Exception <a 'java/lang/ClassNotFoundException': io/restassured/internal/filter/FilterContextImplBeanInfo> (0x00000000ef873160) thrown at [C:\re\workspace\8-2-build-windows-amd64-cygwin\jdk8u121\8372\hotspot\src\share\vm\classfile\systemDictionary.cpp, li
Event: 4.135 Thread 0x0000000002fce000 Exception <a 'java/lang/ClassNotFoundException': io/restassured/internal/filter/FilterContextImplCustomizer> (0x00000000ef896aa8) thrown at [C:\re\workspace\8-2-build-windows-amd64-cygwin\jdk8u121\8372\hotspot\src\share\vm\classfile\systemDictionary.cpp, 
Event: 4.138 Thread 0x0000000002fce000 Exception <a 'java/lang/ClassNotFoundException': io/restassured/config/HttpClientConfigBeanInfo> (0x00000000ef8e8f88) thrown at [C:\re\workspace\8-2-build-windows-amd64-cygwin\jdk8u121\8372\hotspot\src\share\vm\classfile\systemDictionary.cpp, line 210]
Event: 4.139 Thread 0x0000000002fce000 Exception <a 'java/lang/ClassNotFoundException': io/restassured/config/HttpClientConfigCustomizer> (0x00000000ef9091c0) thrown at [C:\re\workspace\8-2-build-windows-amd64-cygwin\jdk8u121\8372\hotspot\src\share\vm\classfile\systemDictionary.cpp, line 210]

Events (10 events):
Event: 4.149 loading class org/apache/http/client/RedirectStrategy
Event: 4.149 loading class org/apache/http/client/RedirectStrategy done
Event: 4.150 loading class org/apache/http/client/HttpRequestRetryHandler
Event: 4.150 loading class org/apache/http/client/HttpRequestRetryHandler done
Event: 4.150 loading class org/apache/http/protocol/HttpProcessor
Event: 4.150 loading class org/apache/http/protocol/HttpProcessor done
Event: 4.150 loading class org/apache/http/HttpRequestInterceptor
Event: 4.150 loading class org/apache/http/HttpRequestInterceptor done
Event: 4.151 loading class org/apache/http/HttpResponseInterceptor
Event: 4.151 loading class org/apache/http/HttpResponseInterceptor done


Dynamic libraries:
0x00007ff65ad60000 - 0x00007ff65ad97000 	C:\Program Files\Java\jdk1.8.0_121\jre\bin\java.exe
0x00007ff95fe90000 - 0x00007ff9600a4000 	C:\WINDOWS\SYSTEM32\ntdll.dll
0x00007ff95f8e0000 - 0x00007ff95f9a2000 	C:\WINDOWS\System32\KERNEL32.DLL
0x00007ff95d7b0000 - 0x00007ff95db53000 	C:\WINDOWS\System32\KERNELBASE.dll
0x00007ff95dca0000 - 0x00007ff95dd4e000 	C:\WINDOWS\System32\ADVAPI32.dll
0x00007ff95eea0000 - 0x00007ff95ef47000 	C:\WINDOWS\System32\msvcrt.dll
0x00007ff95f100000 - 0x00007ff95f1a4000 	C:\WINDOWS\System32\sechost.dll
0x00007ff95f9d0000 - 0x00007ff95fae7000 	C:\WINDOWS\System32\RPCRT4.dll
0x00007ff95ef50000 - 0x00007ff95f0fb000 	C:\WINDOWS\System32\USER32.dll
0x00007ff95d5e0000 - 0x00007ff95d606000 	C:\WINDOWS\System32\win32u.dll
0x00007ff95ded0000 - 0x00007ff95def9000 	C:\WINDOWS\System32\GDI32.dll
0x00007ff95d610000 - 0x00007ff95d728000 	C:\WINDOWS\System32\gdi32full.dll
0x00007ff95d2b0000 - 0x00007ff95d34a000 	C:\WINDOWS\System32\msvcp_win.dll
0x00007ff95d350000 - 0x00007ff95d461000 	C:\WINDOWS\System32\ucrtbase.dll
0x00007ff93dde0000 - 0x00007ff93e06e000 	C:\WINDOWS\WinSxS\amd64_microsoft.windows.common-controls_6595b64144ccf1df_6.0.22621.1635_none_270f70857386168e\COMCTL32.dll
0x00007ff95ec90000 - 0x00007ff95ecc1000 	C:\WINDOWS\System32\IMM32.DLL
0x0000000050500000 - 0x00000000505d2000 	C:\Program Files\Java\jdk1.8.0_121\jre\bin\msvcr100.dll
0x0000000077760000 - 0x0000000077ffb000 	C:\Program Files\Java\jdk1.8.0_121\jre\bin\server\jvm.dll
0x00007ff95dc90000 - 0x00007ff95dc98000 	C:\WINDOWS\System32\PSAPI.DLL
0x00007ff957840000 - 0x00007ff957874000 	C:\WINDOWS\SYSTEM32\WINMM.dll
0x00007ff954e40000 - 0x00007ff954e4a000 	C:\WINDOWS\SYSTEM32\VERSION.dll
0x00007ff955120000 - 0x00007ff955129000 	C:\WINDOWS\SYSTEM32\WSOCK32.dll
0x00007ff95faf0000 - 0x00007ff95fb61000 	C:\WINDOWS\System32\WS2_32.dll
0x00000000504f0000 - 0x00000000504ff000 	C:\Program Files\Java\jdk1.8.0_121\jre\bin\verify.dll
0x00000000504c0000 - 0x00000000504e9000 	C:\Program Files\Java\jdk1.8.0_121\jre\bin\java.dll
0x00000000504a0000 - 0x00000000504b6000 	C:\Program Files\Java\jdk1.8.0_121\jre\bin\zip.dll
0x00007ff95dff0000 - 0x00007ff95e7ea000 	C:\WINDOWS\System32\SHELL32.dll
0x00007ff95b260000 - 0x00007ff95bb2e000 	C:\WINDOWS\SYSTEM32\windows.storage.dll
0x00007ff95e7f0000 - 0x00007ff95eb79000 	C:\WINDOWS\System32\combase.dll
0x00007ff95b120000 - 0x00007ff95b25e000 	C:\WINDOWS\SYSTEM32\wintypes.dll
0x00007ff95ddd0000 - 0x00007ff95dec1000 	C:\WINDOWS\System32\SHCORE.dll
0x00007ff95ee30000 - 0x00007ff95ee8e000 	C:\WINDOWS\System32\shlwapi.dll
0x00007ff95d1e0000 - 0x00007ff95d201000 	C:\WINDOWS\SYSTEM32\profapi.dll
0x0000000050480000 - 0x000000005049a000 	C:\Program Files\Java\jdk1.8.0_121\jre\bin\net.dll
0x00007ff95c860000 - 0x00007ff95c8c9000 	C:\WINDOWS\system32\mswsock.dll
0x0000000050460000 - 0x0000000050471000 	C:\Program Files\Java\jdk1.8.0_121\jre\bin\nio.dll

VM Arguments:
jvm_args: -Xmx1024m -XX:MaxPermSize=256m 
java_command: C:\Users\shard\IdeaProjects\bestbuy-restassured-serenity-API-project\target\surefire\surefirebooter2899676694038073106.jar C:\Users\shard\IdeaProjects\bestbuy-restassured-serenity-API-project\target\surefire\surefire2316202572420084227tmp C:\Users\shard\IdeaProjects\bestbuy-restassured-serenity-API-project\target\surefire\surefire_05233708838108672252tmp
java_class_path (initial): C:\Users\shard\IdeaProjects\bestbuy-restassured-serenity-API-project\target\surefire\surefirebooter2899676694038073106.jar
Launcher Type: SUN_STANDARD

Environment Variables:
JAVA_HOME=C:\Program Files\Java\jdk1.8.0_121
PATH=C:\ProgramData\Oracle\Java\javapath;C:\WINDOWS\system32;C:\WINDOWS;C:\WINDOWS\System32\Wbem;C:\WINDOWS\System32\WindowsPowerShell\v1.0\;C:\WINDOWS\System32\OpenSSH\;C:\Program Files\Java\jdk1.8.0_121\bin;C:\Program Files\Git\cmd;C:\Program Files\Apache\apache-maven-3.9.1\bin;C:\Program Files\nodejs\;C:\Users\shard\AppData\Local\Programs\Python\Python310\Scripts\;C:\Users\shard\AppData\Local\Programs\Python\Python310\;C:\Users\shard\AppData\Local\Microsoft\WindowsApps;;C:\Users\shard\AppData\Local\Programs\Microsoft VS Code\bin;C:\Users\shard\AppData\Roaming\npm
USERNAME=shard
OS=Windows_NT
PROCESSOR_IDENTIFIER=Intel64 Family 6 Model 140 Stepping 1, GenuineIntel



---------------  S Y S T E M  ---------------

OS: Windows 10.0 , 64 bit Build 22621 (10.0.22621.1635)

CPU:total 8 (4 cores per cpu, 2 threads per core) family 6 model 140 stepping 1, cmov, cx8, fxsr, mmx, sse, sse2, sse3, ssse3, sse4.1, sse4.2, popcnt, avx, avx2, aes, clmul, erms, 3dnowpref, lzcnt, ht, tsc, tscinvbit, bmi1, bmi2, adx

Memory: 4k page, physical 8166712k(447136k free), swap 33332536k(5640k free)

vm_info: Java HotSpot(TM) 64-Bit Server VM (25.121-b13) for windows-amd64 JRE (1.8.0_121-b13), built on Dec 12 2016 18:21:36 by "java_re" with MS VC++ 10.0 (VS2010)

time: Sat Jun 03 23:12:46 2023
elapsed time: 4 seconds (0d 0h 0m 4s)

